2022-10-22T09:17:17+00:00 CRITICAL Cannot use [] for reading in /Users/gabrielescodinu/Documents/Sites/steam/app/public/wp-content/themes/steam/tmpl_home.php alla riga 51

2022-10-22T10:56:21+00:00 CRITICAL Uncaught Error: Call to a member function the_price() on string in /Users/gabrielescodinu/Documents/Sites/steam/app/public/wp-content/themes/steam/single/single-product.php:21
Stack trace:
#0 /Users/gabrielescodinu/Documents/Sites/steam/app/public/wp-includes/template.php(772): require()
#1 /Users/gabrielescodinu/Documents/Sites/steam/app/public/wp-includes/template.php(716): load_template('/Users/gabriele...', false, Array)
#2 /Users/gabrielescodinu/Documents/Sites/steam/app/public/wp-includes/general-template.php(204): locate_template(Array, true, false, Array)
#3 /Users/gabrielescodinu/Documents/Sites/steam/app/public/wp-content/themes/steam/single.php(5): get_template_part('single/single-p...')
#4 /Users/gabrielescodinu/Documents/Sites/steam/app/public/wp-includes/template-loader.php(106): include('/Users/gabriele...')
#5 /Users/gabrielescodinu/Documents/Sites/steam/app/public/wp-blog-header.php(19): require_once('/Users/gabriele...')
#6 /Users/gabrielescodinu/Documents/Sites/steam/app/public/index.php(17 in /Users/gabrielescodinu/Documents/Sites/steam/app/public/wp-content/themes/steam/single/single-product.php alla riga 21

2022-10-22T10:56:32+00:00 CRITICAL Uncaught Error: Call to undefined function get_the_price() in /Users/gabrielescodinu/Documents/Sites/steam/app/public/wp-content/themes/steam/single/single-product.php:21
Stack trace:
#0 /Users/gabrielescodinu/Documents/Sites/steam/app/public/wp-includes/template.php(772): require()
#1 /Users/gabrielescodinu/Documents/Sites/steam/app/public/wp-includes/template.php(716): load_template('/Users/gabriele...', false, Array)
#2 /Users/gabrielescodinu/Documents/Sites/steam/app/public/wp-includes/general-template.php(204): locate_template(Array, true, false, Array)
#3 /Users/gabrielescodinu/Documents/Sites/steam/app/public/wp-content/themes/steam/single.php(5): get_template_part('single/single-p...')
#4 /Users/gabrielescodinu/Documents/Sites/steam/app/public/wp-includes/template-loader.php(106): include('/Users/gabriele...')
#5 /Users/gabrielescodinu/Documents/Sites/steam/app/public/wp-blog-header.php(19): require_once('/Users/gabriele...')
#6 /Users/gabrielescodinu/Documents/Sites/steam/app/public/index.php(17): re in /Users/gabrielescodinu/Documents/Sites/steam/app/public/wp-content/themes/steam/single/single-product.php alla riga 21

2022-10-22T10:56:37+00:00 CRITICAL Uncaught Error: Call to undefined function the_price() in /Users/gabrielescodinu/Documents/Sites/steam/app/public/wp-content/themes/steam/single/single-product.php:21
Stack trace:
#0 /Users/gabrielescodinu/Documents/Sites/steam/app/public/wp-includes/template.php(772): require()
#1 /Users/gabrielescodinu/Documents/Sites/steam/app/public/wp-includes/template.php(716): load_template('/Users/gabriele...', false, Array)
#2 /Users/gabrielescodinu/Documents/Sites/steam/app/public/wp-includes/general-template.php(204): locate_template(Array, true, false, Array)
#3 /Users/gabrielescodinu/Documents/Sites/steam/app/public/wp-content/themes/steam/single.php(5): get_template_part('single/single-p...')
#4 /Users/gabrielescodinu/Documents/Sites/steam/app/public/wp-includes/template-loader.php(106): include('/Users/gabriele...')
#5 /Users/gabrielescodinu/Documents/Sites/steam/app/public/wp-blog-header.php(19): require_once('/Users/gabriele...')
#6 /Users/gabrielescodinu/Documents/Sites/steam/app/public/index.php(17): requir in /Users/gabrielescodinu/Documents/Sites/steam/app/public/wp-content/themes/steam/single/single-product.php alla riga 21

2022-10-22T11:18:40+00:00 CRITICAL syntax error, unexpected '$product' (T_VARIABLE), expecting ')' in /Users/gabrielescodinu/Documents/Sites/steam/app/public/wp-content/themes/steam/tmpl_home.php alla riga 137

2022-10-22T11:19:34+00:00 CRITICAL Uncaught ArgumentCountError: Too few arguments to function get_post_type_archive_link(), 0 passed in /Users/gabrielescodinu/Documents/Sites/steam/app/public/wp-content/themes/steam/tmpl_home.php on line 137 and exactly 1 expected in /Users/gabrielescodinu/Documents/Sites/steam/app/public/wp-includes/link-template.php:1297
Stack trace:
#0 /Users/gabrielescodinu/Documents/Sites/steam/app/public/wp-content/themes/steam/tmpl_home.php(137): get_post_type_archive_link()
#1 /Users/gabrielescodinu/Documents/Sites/steam/app/public/wp-includes/template-loader.php(106): include('/Users/gabriele...')
#2 /Users/gabrielescodinu/Documents/Sites/steam/app/public/wp-blog-header.php(19): require_once('/Users/gabriele...')
#3 /Users/gabrielescodinu/Documents/Sites/steam/app/public/index.php(17): require('/Users/gabriele...')
#4 {main}
  thrown in /Users/gabrielescodinu/Documents/Sites/steam/app/public/wp-includes/link-template.php alla riga 1297

2022-10-22T17:26:29+00:00 CRITICAL Uncaught Error: Call to a member function get_id() on string in /Users/gabrielescodinu/Documents/Sites/steam/app/public/wp-content/themes/steam/single/single-product.php:6
Stack trace:
#0 /Users/gabrielescodinu/Documents/Sites/steam/app/public/wp-includes/template.php(772): require()
#1 /Users/gabrielescodinu/Documents/Sites/steam/app/public/wp-includes/template.php(716): load_template('/Users/gabriele...', false, Array)
#2 /Users/gabrielescodinu/Documents/Sites/steam/app/public/wp-includes/general-template.php(204): locate_template(Array, true, false, Array)
#3 /Users/gabrielescodinu/Documents/Sites/steam/app/public/wp-content/themes/steam/single.php(5): get_template_part('single/single-p...')
#4 /Users/gabrielescodinu/Documents/Sites/steam/app/public/wp-includes/template-loader.php(106): include('/Users/gabriele...')
#5 /Users/gabrielescodinu/Documents/Sites/steam/app/public/wp-blog-header.php(19): require_once('/Users/gabriele...')
#6 /Users/gabrielescodinu/Documents/Sites/steam/app/public/index.php(17): r in /Users/gabrielescodinu/Documents/Sites/steam/app/public/wp-content/themes/steam/single/single-product.php alla riga 6

2022-10-22T17:26:31+00:00 CRITICAL Uncaught Error: Call to a member function get_id() on string in /Users/gabrielescodinu/Documents/Sites/steam/app/public/wp-content/themes/steam/single/single-product.php:6
Stack trace:
#0 /Users/gabrielescodinu/Documents/Sites/steam/app/public/wp-includes/template.php(772): require()
#1 /Users/gabrielescodinu/Documents/Sites/steam/app/public/wp-includes/template.php(716): load_template('/Users/gabriele...', false, Array)
#2 /Users/gabrielescodinu/Documents/Sites/steam/app/public/wp-includes/general-template.php(204): locate_template(Array, true, false, Array)
#3 /Users/gabrielescodinu/Documents/Sites/steam/app/public/wp-content/themes/steam/single.php(5): get_template_part('single/single-p...')
#4 /Users/gabrielescodinu/Documents/Sites/steam/app/public/wp-includes/template-loader.php(106): include('/Users/gabriele...')
#5 /Users/gabrielescodinu/Documents/Sites/steam/app/public/wp-blog-header.php(19): require_once('/Users/gabriele...')
#6 /Users/gabrielescodinu/Documents/Sites/steam/app/public/index.php(17): r in /Users/gabrielescodinu/Documents/Sites/steam/app/public/wp-content/themes/steam/single/single-product.php alla riga 6

2022-10-22T17:26:39+00:00 CRITICAL Uncaught Error: Call to a member function get_id() on string in /Users/gabrielescodinu/Documents/Sites/steam/app/public/wp-content/themes/steam/single/single-product.php:6
Stack trace:
#0 /Users/gabrielescodinu/Documents/Sites/steam/app/public/wp-includes/template.php(772): require()
#1 /Users/gabrielescodinu/Documents/Sites/steam/app/public/wp-includes/template.php(716): load_template('/Users/gabriele...', false, Array)
#2 /Users/gabrielescodinu/Documents/Sites/steam/app/public/wp-includes/general-template.php(204): locate_template(Array, true, false, Array)
#3 /Users/gabrielescodinu/Documents/Sites/steam/app/public/wp-content/themes/steam/single.php(5): get_template_part('single/single-p...')
#4 /Users/gabrielescodinu/Documents/Sites/steam/app/public/wp-includes/template-loader.php(106): include('/Users/gabriele...')
#5 /Users/gabrielescodinu/Documents/Sites/steam/app/public/wp-blog-header.php(19): require_once('/Users/gabriele...')
#6 /Users/gabrielescodinu/Documents/Sites/steam/app/public/index.php(17): r in /Users/gabrielescodinu/Documents/Sites/steam/app/public/wp-content/themes/steam/single/single-product.php alla riga 6

2022-10-22T17:26:41+00:00 CRITICAL Uncaught Error: Call to a member function get_id() on string in /Users/gabrielescodinu/Documents/Sites/steam/app/public/wp-content/themes/steam/single/single-product.php:6
Stack trace:
#0 /Users/gabrielescodinu/Documents/Sites/steam/app/public/wp-includes/template.php(772): require()
#1 /Users/gabrielescodinu/Documents/Sites/steam/app/public/wp-includes/template.php(716): load_template('/Users/gabriele...', false, Array)
#2 /Users/gabrielescodinu/Documents/Sites/steam/app/public/wp-includes/general-template.php(204): locate_template(Array, true, false, Array)
#3 /Users/gabrielescodinu/Documents/Sites/steam/app/public/wp-content/themes/steam/single.php(5): get_template_part('single/single-p...')
#4 /Users/gabrielescodinu/Documents/Sites/steam/app/public/wp-includes/template-loader.php(106): include('/Users/gabriele...')
#5 /Users/gabrielescodinu/Documents/Sites/steam/app/public/wp-blog-header.php(19): require_once('/Users/gabriele...')
#6 /Users/gabrielescodinu/Documents/Sites/steam/app/public/index.php(17): r in /Users/gabrielescodinu/Documents/Sites/steam/app/public/wp-content/themes/steam/single/single-product.php alla riga 6

2022-10-22T17:27:03+00:00 CRITICAL Uncaught Error: Call to undefined function get_price() in /Users/gabrielescodinu/Documents/Sites/steam/app/public/wp-content/themes/steam/single/single-product.php:25
Stack trace:
#0 /Users/gabrielescodinu/Documents/Sites/steam/app/public/wp-includes/template.php(772): require()
#1 /Users/gabrielescodinu/Documents/Sites/steam/app/public/wp-includes/template.php(716): load_template('/Users/gabriele...', false, Array)
#2 /Users/gabrielescodinu/Documents/Sites/steam/app/public/wp-includes/general-template.php(204): locate_template(Array, true, false, Array)
#3 /Users/gabrielescodinu/Documents/Sites/steam/app/public/wp-content/themes/steam/single.php(5): get_template_part('single/single-p...')
#4 /Users/gabrielescodinu/Documents/Sites/steam/app/public/wp-includes/template-loader.php(106): include('/Users/gabriele...')
#5 /Users/gabrielescodinu/Documents/Sites/steam/app/public/wp-blog-header.php(19): require_once('/Users/gabriele...')
#6 /Users/gabrielescodinu/Documents/Sites/steam/app/public/index.php(17): requir in /Users/gabrielescodinu/Documents/Sites/steam/app/public/wp-content/themes/steam/single/single-product.php alla riga 25

2022-10-22T17:27:15+00:00 CRITICAL Uncaught Error: Call to a member function get_id() on string in /Users/gabrielescodinu/Documents/Sites/steam/app/public/wp-content/themes/steam/single/single-product.php:6
Stack trace:
#0 /Users/gabrielescodinu/Documents/Sites/steam/app/public/wp-includes/template.php(772): require()
#1 /Users/gabrielescodinu/Documents/Sites/steam/app/public/wp-includes/template.php(716): load_template('/Users/gabriele...', false, Array)
#2 /Users/gabrielescodinu/Documents/Sites/steam/app/public/wp-includes/general-template.php(204): locate_template(Array, true, false, Array)
#3 /Users/gabrielescodinu/Documents/Sites/steam/app/public/wp-content/themes/steam/single.php(5): get_template_part('single/single-p...')
#4 /Users/gabrielescodinu/Documents/Sites/steam/app/public/wp-includes/template-loader.php(106): include('/Users/gabriele...')
#5 /Users/gabrielescodinu/Documents/Sites/steam/app/public/wp-blog-header.php(19): require_once('/Users/gabriele...')
#6 /Users/gabrielescodinu/Documents/Sites/steam/app/public/index.php(17): r in /Users/gabrielescodinu/Documents/Sites/steam/app/public/wp-content/themes/steam/single/single-product.php alla riga 6

2022-10-22T17:27:30+00:00 CRITICAL Uncaught Error: Call to a member function get_price() on string in /Users/gabrielescodinu/Documents/Sites/steam/app/public/wp-content/themes/steam/single/single-product.php:25
Stack trace:
#0 /Users/gabrielescodinu/Documents/Sites/steam/app/public/wp-includes/template.php(772): require()
#1 /Users/gabrielescodinu/Documents/Sites/steam/app/public/wp-includes/template.php(716): load_template('/Users/gabriele...', false, Array)
#2 /Users/gabrielescodinu/Documents/Sites/steam/app/public/wp-includes/general-template.php(204): locate_template(Array, true, false, Array)
#3 /Users/gabrielescodinu/Documents/Sites/steam/app/public/wp-content/themes/steam/single.php(5): get_template_part('single/single-p...')
#4 /Users/gabrielescodinu/Documents/Sites/steam/app/public/wp-includes/template-loader.php(106): include('/Users/gabriele...')
#5 /Users/gabrielescodinu/Documents/Sites/steam/app/public/wp-blog-header.php(19): require_once('/Users/gabriele...')
#6 /Users/gabrielescodinu/Documents/Sites/steam/app/public/index.php(17 in /Users/gabrielescodinu/Documents/Sites/steam/app/public/wp-content/themes/steam/single/single-product.php alla riga 25

2022-10-22T17:28:01+00:00 CRITICAL Uncaught Error: Call to a member function get_id() on string in /Users/gabrielescodinu/Documents/Sites/steam/app/public/wp-content/themes/steam/single/single-product.php:12
Stack trace:
#0 /Users/gabrielescodinu/Documents/Sites/steam/app/public/wp-includes/template.php(772): require()
#1 /Users/gabrielescodinu/Documents/Sites/steam/app/public/wp-includes/template.php(716): load_template('/Users/gabriele...', false, Array)
#2 /Users/gabrielescodinu/Documents/Sites/steam/app/public/wp-includes/general-template.php(204): locate_template(Array, true, false, Array)
#3 /Users/gabrielescodinu/Documents/Sites/steam/app/public/wp-content/themes/steam/single.php(5): get_template_part('single/single-p...')
#4 /Users/gabrielescodinu/Documents/Sites/steam/app/public/wp-includes/template-loader.php(106): include('/Users/gabriele...')
#5 /Users/gabrielescodinu/Documents/Sites/steam/app/public/wp-blog-header.php(19): require_once('/Users/gabriele...')
#6 /Users/gabrielescodinu/Documents/Sites/steam/app/public/index.php(17):  in /Users/gabrielescodinu/Documents/Sites/steam/app/public/wp-content/themes/steam/single/single-product.php alla riga 12

2022-10-22T17:28:19+00:00 CRITICAL Uncaught Error: Call to a member function get_id() on string in /Users/gabrielescodinu/Documents/Sites/steam/app/public/wp-content/themes/steam/single/single-product.php:6
Stack trace:
#0 /Users/gabrielescodinu/Documents/Sites/steam/app/public/wp-includes/template.php(772): require()
#1 /Users/gabrielescodinu/Documents/Sites/steam/app/public/wp-includes/template.php(716): load_template('/Users/gabriele...', false, Array)
#2 /Users/gabrielescodinu/Documents/Sites/steam/app/public/wp-includes/general-template.php(204): locate_template(Array, true, false, Array)
#3 /Users/gabrielescodinu/Documents/Sites/steam/app/public/wp-content/themes/steam/single.php(5): get_template_part('single/single-p...')
#4 /Users/gabrielescodinu/Documents/Sites/steam/app/public/wp-includes/template-loader.php(106): include('/Users/gabriele...')
#5 /Users/gabrielescodinu/Documents/Sites/steam/app/public/wp-blog-header.php(19): require_once('/Users/gabriele...')
#6 /Users/gabrielescodinu/Documents/Sites/steam/app/public/index.php(17): r in /Users/gabrielescodinu/Documents/Sites/steam/app/public/wp-content/themes/steam/single/single-product.php alla riga 6

2022-10-22T17:28:29+00:00 CRITICAL Uncaught Error: Call to a member function get_price() on string in /Users/gabrielescodinu/Documents/Sites/steam/app/public/wp-content/themes/steam/single/single-product.php:25
Stack trace:
#0 /Users/gabrielescodinu/Documents/Sites/steam/app/public/wp-includes/template.php(772): require()
#1 /Users/gabrielescodinu/Documents/Sites/steam/app/public/wp-includes/template.php(716): load_template('/Users/gabriele...', false, Array)
#2 /Users/gabrielescodinu/Documents/Sites/steam/app/public/wp-includes/general-template.php(204): locate_template(Array, true, false, Array)
#3 /Users/gabrielescodinu/Documents/Sites/steam/app/public/wp-content/themes/steam/single.php(5): get_template_part('single/single-p...')
#4 /Users/gabrielescodinu/Documents/Sites/steam/app/public/wp-includes/template-loader.php(106): include('/Users/gabriele...')
#5 /Users/gabrielescodinu/Documents/Sites/steam/app/public/wp-blog-header.php(19): require_once('/Users/gabriele...')
#6 /Users/gabrielescodinu/Documents/Sites/steam/app/public/index.php(17 in /Users/gabrielescodinu/Documents/Sites/steam/app/public/wp-content/themes/steam/single/single-product.php alla riga 25

2022-10-22T17:29:10+00:00 CRITICAL Uncaught Error: Call to a member function get_price() on bool in /Users/gabrielescodinu/Documents/Sites/steam/app/public/wp-content/themes/steam/single/single-product.php:25
Stack trace:
#0 /Users/gabrielescodinu/Documents/Sites/steam/app/public/wp-includes/template.php(772): require()
#1 /Users/gabrielescodinu/Documents/Sites/steam/app/public/wp-includes/template.php(716): load_template('/Users/gabriele...', false, Array)
#2 /Users/gabrielescodinu/Documents/Sites/steam/app/public/wp-includes/general-template.php(204): locate_template(Array, true, false, Array)
#3 /Users/gabrielescodinu/Documents/Sites/steam/app/public/wp-content/themes/steam/single.php(5): get_template_part('single/single-p...')
#4 /Users/gabrielescodinu/Documents/Sites/steam/app/public/wp-includes/template-loader.php(106): include('/Users/gabriele...')
#5 /Users/gabrielescodinu/Documents/Sites/steam/app/public/wp-blog-header.php(19): require_once('/Users/gabriele...')
#6 /Users/gabrielescodinu/Documents/Sites/steam/app/public/index.php(17): in /Users/gabrielescodinu/Documents/Sites/steam/app/public/wp-content/themes/steam/single/single-product.php alla riga 25

2022-10-22T17:29:12+00:00 CRITICAL Uncaught Error: Call to a member function get_price() on bool in /Users/gabrielescodinu/Documents/Sites/steam/app/public/wp-content/themes/steam/single/single-product.php:25
Stack trace:
#0 /Users/gabrielescodinu/Documents/Sites/steam/app/public/wp-includes/template.php(772): require()
#1 /Users/gabrielescodinu/Documents/Sites/steam/app/public/wp-includes/template.php(716): load_template('/Users/gabriele...', false, Array)
#2 /Users/gabrielescodinu/Documents/Sites/steam/app/public/wp-includes/general-template.php(204): locate_template(Array, true, false, Array)
#3 /Users/gabrielescodinu/Documents/Sites/steam/app/public/wp-content/themes/steam/single.php(5): get_template_part('single/single-p...')
#4 /Users/gabrielescodinu/Documents/Sites/steam/app/public/wp-includes/template-loader.php(106): include('/Users/gabriele...')
#5 /Users/gabrielescodinu/Documents/Sites/steam/app/public/wp-blog-header.php(19): require_once('/Users/gabriele...')
#6 /Users/gabrielescodinu/Documents/Sites/steam/app/public/index.php(17): in /Users/gabrielescodinu/Documents/Sites/steam/app/public/wp-content/themes/steam/single/single-product.php alla riga 25

2022-10-22T17:30:00+00:00 CRITICAL Uncaught Error: Call to a member function get_id() on string in /Users/gabrielescodinu/Documents/Sites/steam/app/public/wp-content/themes/steam/single/single-product.php:5
Stack trace:
#0 /Users/gabrielescodinu/Documents/Sites/steam/app/public/wp-includes/template.php(772): require()
#1 /Users/gabrielescodinu/Documents/Sites/steam/app/public/wp-includes/template.php(716): load_template('/Users/gabriele...', false, Array)
#2 /Users/gabrielescodinu/Documents/Sites/steam/app/public/wp-includes/general-template.php(204): locate_template(Array, true, false, Array)
#3 /Users/gabrielescodinu/Documents/Sites/steam/app/public/wp-content/themes/steam/single.php(5): get_template_part('single/single-p...')
#4 /Users/gabrielescodinu/Documents/Sites/steam/app/public/wp-includes/template-loader.php(106): include('/Users/gabriele...')
#5 /Users/gabrielescodinu/Documents/Sites/steam/app/public/wp-blog-header.php(19): require_once('/Users/gabriele...')
#6 /Users/gabrielescodinu/Documents/Sites/steam/app/public/index.php(17): r in /Users/gabrielescodinu/Documents/Sites/steam/app/public/wp-content/themes/steam/single/single-product.php alla riga 5

2022-10-22T17:30:21+00:00 CRITICAL Uncaught Error: Call to a member function get_id() on string in /Users/gabrielescodinu/Documents/Sites/steam/app/public/wp-content/themes/steam/single/single-product.php:5
Stack trace:
#0 /Users/gabrielescodinu/Documents/Sites/steam/app/public/wp-includes/template.php(772): require()
#1 /Users/gabrielescodinu/Documents/Sites/steam/app/public/wp-includes/template.php(716): load_template('/Users/gabriele...', false, Array)
#2 /Users/gabrielescodinu/Documents/Sites/steam/app/public/wp-includes/general-template.php(204): locate_template(Array, true, false, Array)
#3 /Users/gabrielescodinu/Documents/Sites/steam/app/public/wp-content/themes/steam/single.php(5): get_template_part('single/single-p...')
#4 /Users/gabrielescodinu/Documents/Sites/steam/app/public/wp-includes/template-loader.php(106): include('/Users/gabriele...')
#5 /Users/gabrielescodinu/Documents/Sites/steam/app/public/wp-blog-header.php(19): require_once('/Users/gabriele...')
#6 /Users/gabrielescodinu/Documents/Sites/steam/app/public/index.php(17): r in /Users/gabrielescodinu/Documents/Sites/steam/app/public/wp-content/themes/steam/single/single-product.php alla riga 5

2022-10-22T17:31:11+00:00 CRITICAL Uncaught Error: Call to a member function get_price() on bool in /Users/gabrielescodinu/Documents/Sites/steam/app/public/wp-content/themes/steam/single/single-product.php:24
Stack trace:
#0 /Users/gabrielescodinu/Documents/Sites/steam/app/public/wp-includes/template.php(772): require()
#1 /Users/gabrielescodinu/Documents/Sites/steam/app/public/wp-includes/template.php(716): load_template('/Users/gabriele...', false, Array)
#2 /Users/gabrielescodinu/Documents/Sites/steam/app/public/wp-includes/general-template.php(204): locate_template(Array, true, false, Array)
#3 /Users/gabrielescodinu/Documents/Sites/steam/app/public/wp-content/themes/steam/single.php(5): get_template_part('single/single-p...')
#4 /Users/gabrielescodinu/Documents/Sites/steam/app/public/wp-includes/template-loader.php(106): include('/Users/gabriele...')
#5 /Users/gabrielescodinu/Documents/Sites/steam/app/public/wp-blog-header.php(19): require_once('/Users/gabriele...')
#6 /Users/gabrielescodinu/Documents/Sites/steam/app/public/index.php(17): in /Users/gabrielescodinu/Documents/Sites/steam/app/public/wp-content/themes/steam/single/single-product.php alla riga 24

2022-10-22T17:35:42+00:00 CRITICAL Uncaught Error: Call to a member function get_id() on string in /Users/gabrielescodinu/Documents/Sites/steam/app/public/wp-content/themes/steam/single/single-product.php:13
Stack trace:
#0 /Users/gabrielescodinu/Documents/Sites/steam/app/public/wp-includes/template.php(772): require()
#1 /Users/gabrielescodinu/Documents/Sites/steam/app/public/wp-includes/template.php(716): load_template('/Users/gabriele...', false, Array)
#2 /Users/gabrielescodinu/Documents/Sites/steam/app/public/wp-includes/general-template.php(204): locate_template(Array, true, false, Array)
#3 /Users/gabrielescodinu/Documents/Sites/steam/app/public/wp-content/themes/steam/single.php(5): get_template_part('single/single-p...')
#4 /Users/gabrielescodinu/Documents/Sites/steam/app/public/wp-includes/template-loader.php(106): include('/Users/gabriele...')
#5 /Users/gabrielescodinu/Documents/Sites/steam/app/public/wp-blog-header.php(19): require_once('/Users/gabriele...')
#6 /Users/gabrielescodinu/Documents/Sites/steam/app/public/index.php(17):  in /Users/gabrielescodinu/Documents/Sites/steam/app/public/wp-content/themes/steam/single/single-product.php alla riga 13

2022-10-22T17:36:40+00:00 CRITICAL Uncaught Error: Call to a member function get_id() on string in /Users/gabrielescodinu/Documents/Sites/steam/app/public/wp-content/themes/steam/single/single-product.php:13
Stack trace:
#0 /Users/gabrielescodinu/Documents/Sites/steam/app/public/wp-includes/template.php(772): require()
#1 /Users/gabrielescodinu/Documents/Sites/steam/app/public/wp-includes/template.php(716): load_template('/Users/gabriele...', false, Array)
#2 /Users/gabrielescodinu/Documents/Sites/steam/app/public/wp-includes/general-template.php(204): locate_template(Array, true, false, Array)
#3 /Users/gabrielescodinu/Documents/Sites/steam/app/public/wp-content/themes/steam/single.php(5): get_template_part('single/single-p...')
#4 /Users/gabrielescodinu/Documents/Sites/steam/app/public/wp-includes/template-loader.php(106): include('/Users/gabriele...')
#5 /Users/gabrielescodinu/Documents/Sites/steam/app/public/wp-blog-header.php(19): require_once('/Users/gabriele...')
#6 /Users/gabrielescodinu/Documents/Sites/steam/app/public/index.php(17):  in /Users/gabrielescodinu/Documents/Sites/steam/app/public/wp-content/themes/steam/single/single-product.php alla riga 13

2022-10-22T17:36:57+00:00 CRITICAL Uncaught Error: Call to a member function get_type() on string in /Users/gabrielescodinu/Documents/Sites/steam/app/public/wp-content/themes/steam/single/single-product.php:17
Stack trace:
#0 /Users/gabrielescodinu/Documents/Sites/steam/app/public/wp-includes/template.php(772): require()
#1 /Users/gabrielescodinu/Documents/Sites/steam/app/public/wp-includes/template.php(716): load_template('/Users/gabriele...', false, Array)
#2 /Users/gabrielescodinu/Documents/Sites/steam/app/public/wp-includes/general-template.php(204): locate_template(Array, true, false, Array)
#3 /Users/gabrielescodinu/Documents/Sites/steam/app/public/wp-content/themes/steam/single.php(5): get_template_part('single/single-p...')
#4 /Users/gabrielescodinu/Documents/Sites/steam/app/public/wp-includes/template-loader.php(106): include('/Users/gabriele...')
#5 /Users/gabrielescodinu/Documents/Sites/steam/app/public/wp-blog-header.php(19): require_once('/Users/gabriele...')
#6 /Users/gabrielescodinu/Documents/Sites/steam/app/public/index.php(17) in /Users/gabrielescodinu/Documents/Sites/steam/app/public/wp-content/themes/steam/single/single-product.php alla riga 17

2022-10-22T17:36:59+00:00 CRITICAL Uncaught Error: Call to a member function get_type() on string in /Users/gabrielescodinu/Documents/Sites/steam/app/public/wp-content/themes/steam/single/single-product.php:17
Stack trace:
#0 /Users/gabrielescodinu/Documents/Sites/steam/app/public/wp-includes/template.php(772): require()
#1 /Users/gabrielescodinu/Documents/Sites/steam/app/public/wp-includes/template.php(716): load_template('/Users/gabriele...', false, Array)
#2 /Users/gabrielescodinu/Documents/Sites/steam/app/public/wp-includes/general-template.php(204): locate_template(Array, true, false, Array)
#3 /Users/gabrielescodinu/Documents/Sites/steam/app/public/wp-content/themes/steam/single.php(5): get_template_part('single/single-p...')
#4 /Users/gabrielescodinu/Documents/Sites/steam/app/public/wp-includes/template-loader.php(106): include('/Users/gabriele...')
#5 /Users/gabrielescodinu/Documents/Sites/steam/app/public/wp-blog-header.php(19): require_once('/Users/gabriele...')
#6 /Users/gabrielescodinu/Documents/Sites/steam/app/public/index.php(17) in /Users/gabrielescodinu/Documents/Sites/steam/app/public/wp-content/themes/steam/single/single-product.php alla riga 17

2022-10-22T17:37:05+00:00 CRITICAL Uncaught Error: Call to a member function get_name() on string in /Users/gabrielescodinu/Documents/Sites/steam/app/public/wp-content/themes/steam/single/single-product.php:17
Stack trace:
#0 /Users/gabrielescodinu/Documents/Sites/steam/app/public/wp-includes/template.php(772): require()
#1 /Users/gabrielescodinu/Documents/Sites/steam/app/public/wp-includes/template.php(716): load_template('/Users/gabriele...', false, Array)
#2 /Users/gabrielescodinu/Documents/Sites/steam/app/public/wp-includes/general-template.php(204): locate_template(Array, true, false, Array)
#3 /Users/gabrielescodinu/Documents/Sites/steam/app/public/wp-content/themes/steam/single.php(5): get_template_part('single/single-p...')
#4 /Users/gabrielescodinu/Documents/Sites/steam/app/public/wp-includes/template-loader.php(106): include('/Users/gabriele...')
#5 /Users/gabrielescodinu/Documents/Sites/steam/app/public/wp-blog-header.php(19): require_once('/Users/gabriele...')
#6 /Users/gabrielescodinu/Documents/Sites/steam/app/public/index.php(17) in /Users/gabrielescodinu/Documents/Sites/steam/app/public/wp-content/themes/steam/single/single-product.php alla riga 17

2022-10-22T17:37:23+00:00 CRITICAL Uncaught Error: Call to a member function get_id() on string in /Users/gabrielescodinu/Documents/Sites/steam/app/public/wp-content/themes/steam/single/single-product.php:196
Stack trace:
#0 /Users/gabrielescodinu/Documents/Sites/steam/app/public/wp-includes/template.php(772): require()
#1 /Users/gabrielescodinu/Documents/Sites/steam/app/public/wp-includes/template.php(716): load_template('/Users/gabriele...', false, Array)
#2 /Users/gabrielescodinu/Documents/Sites/steam/app/public/wp-includes/general-template.php(204): locate_template(Array, true, false, Array)
#3 /Users/gabrielescodinu/Documents/Sites/steam/app/public/wp-content/themes/steam/single.php(5): get_template_part('single/single-p...')
#4 /Users/gabrielescodinu/Documents/Sites/steam/app/public/wp-includes/template-loader.php(106): include('/Users/gabriele...')
#5 /Users/gabrielescodinu/Documents/Sites/steam/app/public/wp-blog-header.php(19): require_once('/Users/gabriele...')
#6 /Users/gabrielescodinu/Documents/Sites/steam/app/public/index.php(17): in /Users/gabrielescodinu/Documents/Sites/steam/app/public/wp-content/themes/steam/single/single-product.php alla riga 196

2022-10-22T17:40:30+00:00 CRITICAL Uncaught Error: Call to a member function get_id() on string in /Users/gabrielescodinu/Documents/Sites/steam/app/public/wp-content/themes/steam/single/single-product.php:150
Stack trace:
#0 /Users/gabrielescodinu/Documents/Sites/steam/app/public/wp-includes/template.php(772): require()
#1 /Users/gabrielescodinu/Documents/Sites/steam/app/public/wp-includes/template.php(716): load_template('/Users/gabriele...', false, Array)
#2 /Users/gabrielescodinu/Documents/Sites/steam/app/public/wp-includes/general-template.php(204): locate_template(Array, true, false, Array)
#3 /Users/gabrielescodinu/Documents/Sites/steam/app/public/wp-content/themes/steam/single.php(5): get_template_part('single/single-p...')
#4 /Users/gabrielescodinu/Documents/Sites/steam/app/public/wp-includes/template-loader.php(106): include('/Users/gabriele...')
#5 /Users/gabrielescodinu/Documents/Sites/steam/app/public/wp-blog-header.php(19): require_once('/Users/gabriele...')
#6 /Users/gabrielescodinu/Documents/Sites/steam/app/public/index.php(17): in /Users/gabrielescodinu/Documents/Sites/steam/app/public/wp-content/themes/steam/single/single-product.php alla riga 150

2022-10-22T17:42:33+00:00 CRITICAL Uncaught Error: Call to a member function get_id() on string in /Users/gabrielescodinu/Documents/Sites/steam/app/public/wp-content/themes/steam/single/single-product.php:11
Stack trace:
#0 /Users/gabrielescodinu/Documents/Sites/steam/app/public/wp-includes/template.php(772): require()
#1 /Users/gabrielescodinu/Documents/Sites/steam/app/public/wp-includes/template.php(716): load_template('/Users/gabriele...', false, Array)
#2 /Users/gabrielescodinu/Documents/Sites/steam/app/public/wp-includes/general-template.php(204): locate_template(Array, true, false, Array)
#3 /Users/gabrielescodinu/Documents/Sites/steam/app/public/wp-content/themes/steam/single.php(5): get_template_part('single/single-p...')
#4 /Users/gabrielescodinu/Documents/Sites/steam/app/public/wp-includes/template-loader.php(106): include('/Users/gabriele...')
#5 /Users/gabrielescodinu/Documents/Sites/steam/app/public/wp-blog-header.php(19): require_once('/Users/gabriele...')
#6 /Users/gabrielescodinu/Documents/Sites/steam/app/public/index.php(17):  in /Users/gabrielescodinu/Documents/Sites/steam/app/public/wp-content/themes/steam/single/single-product.php alla riga 11

2022-10-22T17:44:03+00:00 CRITICAL Uncaught Error: Call to undefined function the_price() in /Users/gabrielescodinu/Documents/Sites/steam/app/public/wp-content/themes/steam/single/single-product.php:24
Stack trace:
#0 /Users/gabrielescodinu/Documents/Sites/steam/app/public/wp-includes/template.php(772): require()
#1 /Users/gabrielescodinu/Documents/Sites/steam/app/public/wp-includes/template.php(716): load_template('/Users/gabriele...', false, Array)
#2 /Users/gabrielescodinu/Documents/Sites/steam/app/public/wp-includes/general-template.php(204): locate_template(Array, true, false, Array)
#3 /Users/gabrielescodinu/Documents/Sites/steam/app/public/wp-content/themes/steam/single.php(5): get_template_part('single/single-p...')
#4 /Users/gabrielescodinu/Documents/Sites/steam/app/public/wp-includes/template-loader.php(106): include('/Users/gabriele...')
#5 /Users/gabrielescodinu/Documents/Sites/steam/app/public/wp-blog-header.php(19): require_once('/Users/gabriele...')
#6 /Users/gabrielescodinu/Documents/Sites/steam/app/public/index.php(17): requir in /Users/gabrielescodinu/Documents/Sites/steam/app/public/wp-content/themes/steam/single/single-product.php alla riga 24

2022-10-22T17:44:15+00:00 CRITICAL Uncaught Error: Call to undefined method WC_Product_Simple::the_price() in /Users/gabrielescodinu/Documents/Sites/steam/app/public/wp-content/themes/steam/single/single-product.php:24
Stack trace:
#0 /Users/gabrielescodinu/Documents/Sites/steam/app/public/wp-includes/template.php(772): require()
#1 /Users/gabrielescodinu/Documents/Sites/steam/app/public/wp-includes/template.php(716): load_template('/Users/gabriele...', false, Array)
#2 /Users/gabrielescodinu/Documents/Sites/steam/app/public/wp-includes/general-template.php(204): locate_template(Array, true, false, Array)
#3 /Users/gabrielescodinu/Documents/Sites/steam/app/public/wp-content/themes/steam/single.php(5): get_template_part('single/single-p...')
#4 /Users/gabrielescodinu/Documents/Sites/steam/app/public/wp-includes/template-loader.php(106): include('/Users/gabriele...')
#5 /Users/gabrielescodinu/Documents/Sites/steam/app/public/wp-blog-header.php(19): require_once('/Users/gabriele...')
#6 /Users/gabrielescodinu/Documents/Sites/steam/app/public/inde in /Users/gabrielescodinu/Documents/Sites/steam/app/public/wp-content/themes/steam/single/single-product.php alla riga 24

2022-10-22T17:44:17+00:00 CRITICAL Uncaught Error: Call to undefined method WC_Product_Simple::the_price() in /Users/gabrielescodinu/Documents/Sites/steam/app/public/wp-content/themes/steam/single/single-product.php:24
Stack trace:
#0 /Users/gabrielescodinu/Documents/Sites/steam/app/public/wp-includes/template.php(772): require()
#1 /Users/gabrielescodinu/Documents/Sites/steam/app/public/wp-includes/template.php(716): load_template('/Users/gabriele...', false, Array)
#2 /Users/gabrielescodinu/Documents/Sites/steam/app/public/wp-includes/general-template.php(204): locate_template(Array, true, false, Array)
#3 /Users/gabrielescodinu/Documents/Sites/steam/app/public/wp-content/themes/steam/single.php(5): get_template_part('single/single-p...')
#4 /Users/gabrielescodinu/Documents/Sites/steam/app/public/wp-includes/template-loader.php(106): include('/Users/gabriele...')
#5 /Users/gabrielescodinu/Documents/Sites/steam/app/public/wp-blog-header.php(19): require_once('/Users/gabriele...')
#6 /Users/gabrielescodinu/Documents/Sites/steam/app/public/inde in /Users/gabrielescodinu/Documents/Sites/steam/app/public/wp-content/themes/steam/single/single-product.php alla riga 24

2022-10-22T17:44:40+00:00 CRITICAL Uncaught Error: Call to undefined function get_price() in /Users/gabrielescodinu/Documents/Sites/steam/app/public/wp-content/themes/steam/single/single-product.php:19
Stack trace:
#0 /Users/gabrielescodinu/Documents/Sites/steam/app/public/wp-includes/template.php(772): require()
#1 /Users/gabrielescodinu/Documents/Sites/steam/app/public/wp-includes/template.php(716): load_template('/Users/gabriele...', false, Array)
#2 /Users/gabrielescodinu/Documents/Sites/steam/app/public/wp-includes/general-template.php(204): locate_template(Array, true, false, Array)
#3 /Users/gabrielescodinu/Documents/Sites/steam/app/public/wp-content/themes/steam/single.php(5): get_template_part('single/single-p...')
#4 /Users/gabrielescodinu/Documents/Sites/steam/app/public/wp-includes/template-loader.php(106): include('/Users/gabriele...')
#5 /Users/gabrielescodinu/Documents/Sites/steam/app/public/wp-blog-header.php(19): require_once('/Users/gabriele...')
#6 /Users/gabrielescodinu/Documents/Sites/steam/app/public/index.php(17): requir in /Users/gabrielescodinu/Documents/Sites/steam/app/public/wp-content/themes/steam/single/single-product.php alla riga 19

